{"/Users/jackrhines/calpoly/csc307/307-macro-genius/back-end/models/food-services.js": {"path":"/Users/jackrhines/calpoly/csc307/307-macro-genius/back-end/models/food-services.js","statementMap":{"0":{"start":{"line":1,"column":17},"end":{"line":1,"column":36}},"1":{"start":{"line":2,"column":18},"end":{"line":2,"column":35}},"2":{"start":{"line":3,"column":15},"end":{"line":3,"column":32}},"3":{"start":{"line":4,"column":0},"end":{"line":4,"column":28}},"4":{"start":{"line":6,"column":0},"end":{"line":6,"column":16}},"5":{"start":{"line":9,"column":2},"end":{"line":12,"column":3}},"6":{"start":{"line":10,"column":4},"end":{"line":10,"column":55}},"7":{"start":{"line":11,"column":4},"end":{"line":11,"column":17}},"8":{"start":{"line":14,"column":2},"end":{"line":20,"column":5}},"9":{"start":{"line":24,"column":2},"end":{"line":29,"column":3}},"10":{"start":{"line":25,"column":4},"end":{"line":25,"column":40}},"11":{"start":{"line":27,"column":4},"end":{"line":27,"column":23}},"12":{"start":{"line":28,"column":4},"end":{"line":28,"column":21}},"13":{"start":{"line":33,"column":2},"end":{"line":39,"column":3}},"14":{"start":{"line":34,"column":22},"end":{"line":34,"column":41}},"15":{"start":{"line":35,"column":4},"end":{"line":35,"column":34}},"16":{"start":{"line":37,"column":4},"end":{"line":37,"column":23}},"17":{"start":{"line":38,"column":4},"end":{"line":38,"column":17}},"18":{"start":{"line":43,"column":2},"end":{"line":48,"column":3}},"19":{"start":{"line":44,"column":4},"end":{"line":44,"column":49}},"20":{"start":{"line":46,"column":4},"end":{"line":46,"column":23}},"21":{"start":{"line":47,"column":4},"end":{"line":47,"column":17}},"22":{"start":{"line":53,"column":0},"end":{"line":53,"column":36}},"23":{"start":{"line":54,"column":0},"end":{"line":54,"column":26}},"24":{"start":{"line":55,"column":0},"end":{"line":55,"column":40}},"25":{"start":{"line":56,"column":0},"end":{"line":56,"column":38}}},"fnMap":{"0":{"name":"getDailyFoods","decl":{"start":{"line":8,"column":15},"end":{"line":8,"column":28}},"loc":{"start":{"line":8,"column":47},"end":{"line":21,"column":1}},"line":8},"1":{"name":"findFoodById","decl":{"start":{"line":23,"column":15},"end":{"line":23,"column":27}},"loc":{"start":{"line":23,"column":32},"end":{"line":30,"column":1}},"line":23},"2":{"name":"addFood","decl":{"start":{"line":32,"column":15},"end":{"line":32,"column":22}},"loc":{"start":{"line":32,"column":29},"end":{"line":40,"column":1}},"line":32},"3":{"name":"deleteFoodById","decl":{"start":{"line":42,"column":15},"end":{"line":42,"column":29}},"loc":{"start":{"line":42,"column":34},"end":{"line":49,"column":1}},"line":42}},"branchMap":{"0":{"loc":{"start":{"line":9,"column":2},"end":{"line":12,"column":3}},"type":"if","locations":[{"start":{"line":9,"column":2},"end":{"line":12,"column":3}},{"start":{},"end":{}}],"line":9},"1":{"loc":{"start":{"line":9,"column":6},"end":{"line":9,"column":68}},"type":"binary-expr","locations":[{"start":{"line":9,"column":6},"end":{"line":9,"column":24}},{"start":{"line":9,"column":28},"end":{"line":9,"column":47}},{"start":{"line":9,"column":51},"end":{"line":9,"column":68}}],"line":9}},"s":{"0":1,"1":1,"2":1,"3":1,"4":1,"5":2,"6":1,"7":1,"8":1,"9":2,"10":2,"11":1,"12":1,"13":2,"14":2,"15":2,"16":1,"17":1,"18":2,"19":2,"20":1,"21":1,"22":1,"23":1,"24":1,"25":1},"f":{"0":2,"1":2,"2":2,"3":2},"b":{"0":[1,1],"1":[2,2,1]},"_coverageSchema":"1a1c01bbd47fc00a2c39e90264f33305004495a9","hash":"29729aa2969fec2fbe3642466c4fa1c0a6945fd6"}
,"/Users/jackrhines/calpoly/csc307/307-macro-genius/back-end/models/food.js": {"path":"/Users/jackrhines/calpoly/csc307/307-macro-genius/back-end/models/food.js","statementMap":{"0":{"start":{"line":1,"column":17},"end":{"line":1,"column":36}},"1":{"start":{"line":3,"column":19},"end":{"line":22,"column":2}},"2":{"start":{"line":24,"column":13},"end":{"line":24,"column":47}},"3":{"start":{"line":25,"column":0},"end":{"line":25,"column":22}}},"fnMap":{},"branchMap":{},"s":{"0":1,"1":1,"2":1,"3":1},"f":{},"b":{},"_coverageSchema":"1a1c01bbd47fc00a2c39e90264f33305004495a9","hash":"39e1bdeec9f9b6e6d1beb862ef1e6dea96f1748d"}
,"/Users/jackrhines/calpoly/csc307/307-macro-genius/back-end/models/user-services.js": {"path":"/Users/jackrhines/calpoly/csc307/307-macro-genius/back-end/models/user-services.js","statementMap":{"0":{"start":{"line":1,"column":17},"end":{"line":1,"column":36}},"1":{"start":{"line":2,"column":18},"end":{"line":2,"column":35}},"2":{"start":{"line":3,"column":15},"end":{"line":3,"column":32}},"3":{"start":{"line":5,"column":0},"end":{"line":5,"column":28}},"4":{"start":{"line":7,"column":0},"end":{"line":7,"column":16}},"5":{"start":{"line":9,"column":0},"end":{"line":30,"column":40}},"6":{"start":{"line":27,"column":4},"end":{"line":27,"column":54}},"7":{"start":{"line":30,"column":20},"end":{"line":30,"column":38}},"8":{"start":{"line":33,"column":2},"end":{"line":40,"column":3}},"9":{"start":{"line":34,"column":22},"end":{"line":34,"column":41}},"10":{"start":{"line":35,"column":22},"end":{"line":35,"column":44}},"11":{"start":{"line":36,"column":4},"end":{"line":36,"column":21}},"12":{"start":{"line":38,"column":4},"end":{"line":38,"column":23}},"13":{"start":{"line":39,"column":4},"end":{"line":39,"column":17}},"14":{"start":{"line":44,"column":2},"end":{"line":44,"column":54}},"15":{"start":{"line":48,"column":2},"end":{"line":48,"column":47}},"16":{"start":{"line":51,"column":0},"end":{"line":51,"column":52}},"17":{"start":{"line":52,"column":0},"end":{"line":52,"column":26}},"18":{"start":{"line":53,"column":0},"end":{"line":53,"column":48}}},"fnMap":{"0":{"name":"(anonymous_0)","decl":{"start":{"line":26,"column":8},"end":{"line":26,"column":9}},"loc":{"start":{"line":26,"column":14},"end":{"line":28,"column":3}},"line":26},"1":{"name":"(anonymous_1)","decl":{"start":{"line":30,"column":9},"end":{"line":30,"column":10}},"loc":{"start":{"line":30,"column":20},"end":{"line":30,"column":38}},"line":30},"2":{"name":"addUser","decl":{"start":{"line":32,"column":15},"end":{"line":32,"column":22}},"loc":{"start":{"line":32,"column":29},"end":{"line":41,"column":1}},"line":32},"3":{"name":"findUserByUserName","decl":{"start":{"line":43,"column":15},"end":{"line":43,"column":33}},"loc":{"start":{"line":43,"column":44},"end":{"line":45,"column":1}},"line":43},"4":{"name":"deleteUserByUsername","decl":{"start":{"line":47,"column":15},"end":{"line":47,"column":35}},"loc":{"start":{"line":47,"column":40},"end":{"line":49,"column":1}},"line":47}},"branchMap":{},"s":{"0":2,"1":2,"2":2,"3":2,"4":2,"5":2,"6":2,"7":0,"8":2,"9":2,"10":2,"11":1,"12":1,"13":1,"14":4,"15":1,"16":2,"17":2,"18":2},"f":{"0":2,"1":0,"2":2,"3":4,"4":1},"b":{},"_coverageSchema":"1a1c01bbd47fc00a2c39e90264f33305004495a9","hash":"b31522206b8f66b8336efa422eb7605407eb8044"}
,"/Users/jackrhines/calpoly/csc307/307-macro-genius/back-end/models/user.js": {"path":"/Users/jackrhines/calpoly/csc307/307-macro-genius/back-end/models/user.js","statementMap":{"0":{"start":{"line":1,"column":17},"end":{"line":1,"column":36}},"1":{"start":{"line":3,"column":19},"end":{"line":18,"column":1}},"2":{"start":{"line":20,"column":13},"end":{"line":20,"column":47}},"3":{"start":{"line":22,"column":0},"end":{"line":22,"column":22}}},"fnMap":{},"branchMap":{},"s":{"0":2,"1":2,"2":2,"3":2},"f":{},"b":{},"_coverageSchema":"1a1c01bbd47fc00a2c39e90264f33305004495a9","hash":"4b1d4294ed96059aece197c23145bb0fdfb7ef84"}
}
