TN:
SF:models/food-services.js
FN:8,getDailyFoods
FN:23,findFoodById
FN:32,addFood
FN:42,deleteFoodById
FNF:4
FNH:4
FNDA:2,getDailyFoods
FNDA:2,findFoodById
FNDA:2,addFood
FNDA:2,deleteFoodById
DA:1,1
DA:2,1
DA:3,1
DA:4,1
DA:6,1
DA:9,2
DA:10,1
DA:11,1
DA:14,1
DA:24,2
DA:25,2
DA:27,1
DA:28,1
DA:33,2
DA:34,2
DA:35,2
DA:37,1
DA:38,1
DA:43,2
DA:44,2
DA:46,1
DA:47,1
DA:53,1
DA:54,1
DA:55,1
DA:56,1
LF:26
LH:26
BRDA:9,0,0,1
BRDA:9,0,1,1
BRDA:9,1,0,2
BRDA:9,1,1,2
BRDA:9,1,2,1
BRF:5
BRH:5
end_of_record
TN:
SF:models/food.js
FNF:0
FNH:0
DA:1,1
DA:3,1
DA:24,1
DA:25,1
LF:4
LH:4
BRF:0
BRH:0
end_of_record
TN:
SF:models/user-services.js
FN:26,(anonymous_0)
FN:29,(anonymous_1)
FN:31,addUser
FN:42,findUserByUserName
FN:46,deleteUserByUsername
FNF:5
FNH:4
FNDA:2,(anonymous_0)
FNDA:0,(anonymous_1)
FNDA:2,addUser
FNDA:4,findUserByUserName
FNDA:1,deleteUserByUsername
DA:1,2
DA:2,2
DA:3,2
DA:5,2
DA:7,2
DA:9,2
DA:27,2
DA:29,0
DA:32,2
DA:33,2
DA:34,2
DA:35,1
DA:37,1
DA:38,1
DA:43,4
DA:47,1
DA:50,2
DA:51,2
DA:52,2
LF:19
LH:18
BRF:0
BRH:0
end_of_record
TN:
SF:models/user.js
FNF:0
FNH:0
DA:1,2
DA:3,2
DA:20,2
DA:22,2
LF:4
LH:4
BRF:0
BRH:0
end_of_record
